Using pre-set license
Built from '2020.3/staging' branch; Version is '2020.3.18f1 (a7d1c678663c) revision 10998214'; Using compiler version '192528614'; Build Type 'Release'
OS: 'Windows 10 Education; OS build 19043.1165; Version 2009; 64bit' Language: 'en' Physical Memory: 16063 MB
BatchMode: 1, IsHumanControllingUs: 0, StartBugReporterOnCrash: 0, Is64bit: 1, IsPro: 0

COMMAND LINE ARGUMENTS:
C:\Program Files\Unity\Hub\Editor\2020.3.18f1\Editor\Unity.exe
-adb2
-batchMode
-noUpm
-name
AssetImportWorker0
-projectPath
C:/Users/INNOM-LT/Downloads/OpenVINO_YOLOX_Demo
-logFile
Logs/AssetImportWorker0.log
-srvPort
53050
Successfully changed project path to: C:/Users/INNOM-LT/Downloads/OpenVINO_YOLOX_Demo
C:/Users/INNOM-LT/Downloads/OpenVINO_YOLOX_Demo
Using Asset Import Pipeline V2.
Refreshing native plugins compatible for Editor in 19.27 ms, found 2 plugins.
Preloading 0 native plugins for Editor in 0.00 ms.
Initialize engine version: 2020.3.18f1 (a7d1c678663c)
[Subsystems] Discovering subsystems at path C:/Program Files/Unity/Hub/Editor/2020.3.18f1/Editor/Data/Resources/UnitySubsystems
[Subsystems] Discovering subsystems at path C:/Users/INNOM-LT/Downloads/OpenVINO_YOLOX_Demo/Assets
GfxDevice: creating device client; threaded=0
Direct3D:
    Version:  Direct3D 11.0 [level 11.1]
    Renderer: Intel(R) Iris(R) Xe MAX Graphics (ID=0x4905)
    Vendor:   
    VRAM:     3924 MB
    Driver:   27.20.100.9040
Initialize mono
Mono path[0] = 'C:/Program Files/Unity/Hub/Editor/2020.3.18f1/Editor/Data/Managed'
Mono path[1] = 'C:/Program Files/Unity/Hub/Editor/2020.3.18f1/Editor/Data/MonoBleedingEdge/lib/mono/unityjit'
Mono config path = 'C:/Program Files/Unity/Hub/Editor/2020.3.18f1/Editor/Data/MonoBleedingEdge/etc'
Using monoOptions --debugger-agent=transport=dt_socket,embedding=1,server=y,suspend=n,address=127.0.0.1:56636
Begin MonoManager ReloadAssembly
Registering precompiled unity dll's ...
Register platform support module: C:/Program Files/Unity/Hub/Editor/2020.3.18f1/Editor/Data/PlaybackEngines/WindowsStandaloneSupport/UnityEditor.WindowsStandalone.Extensions.dll
Registered in 0.001711 seconds.
Native extension for WindowsStandalone target not found
Refreshing native plugins compatible for Editor in 31.03 ms, found 2 plugins.
Preloading 0 native plugins for Editor in 0.00 ms.
Mono: successfully reloaded assembly
- Completed reload, in  0.917 seconds
Domain Reload Profiling:
	ReloadAssembly (917ms)
		BeginReloadAssembly (38ms)
			ExecutionOrderSort (0ms)
			DisableScriptedObjects (0ms)
			BackupInstance (0ms)
			ReleaseScriptingObjects (0ms)
			CreateAndSetChildDomain (1ms)
		EndReloadAssembly (375ms)
			LoadAssemblies (36ms)
			RebuildTransferFunctionScriptingTraits (0ms)
			SetupTypeCache (126ms)
			ReleaseScriptCaches (0ms)
			RebuildScriptCaches (29ms)
			SetupLoadedEditorAssemblies (145ms)
				LogAssemblyErrors (0ms)
				InitializePlatformSupportModulesInManaged (4ms)
				SetLoadedEditorAssemblies (0ms)
				RefreshPlugins (31ms)
				BeforeProcessingInitializeOnLoad (14ms)
				ProcessInitializeOnLoadAttributes (63ms)
				ProcessInitializeOnLoadMethodAttributes (31ms)
				AfterProcessingInitializeOnLoad (0ms)
				EditorAssembliesLoaded (0ms)
			ExecutionOrderSort2 (0ms)
			AwakeInstancesAfterBackupRestoration (0ms)
Platform modules already initialized, skipping
Registering precompiled user dll's ...
Registered in 0.002381 seconds.
Begin MonoManager ReloadAssembly
Native extension for WindowsStandalone target not found
Refreshing native plugins compatible for Editor in 0.26 ms, found 2 plugins.
Preloading 0 native plugins for Editor in 0.00 ms.
Mono: successfully reloaded assembly
- Completed reload, in  0.876 seconds
Domain Reload Profiling:
	ReloadAssembly (877ms)
		BeginReloadAssembly (95ms)
			ExecutionOrderSort (0ms)
			DisableScriptedObjects (3ms)
			BackupInstance (0ms)
			ReleaseScriptingObjects (0ms)
			CreateAndSetChildDomain (14ms)
		EndReloadAssembly (743ms)
			LoadAssemblies (53ms)
			RebuildTransferFunctionScriptingTraits (0ms)
			SetupTypeCache (281ms)
			ReleaseScriptCaches (0ms)
			RebuildScriptCaches (38ms)
			SetupLoadedEditorAssemblies (261ms)
				LogAssemblyErrors (0ms)
				InitializePlatformSupportModulesInManaged (5ms)
				SetLoadedEditorAssemblies (0ms)
				RefreshPlugins (0ms)
				BeforeProcessingInitializeOnLoad (73ms)
				ProcessInitializeOnLoadAttributes (175ms)
				ProcessInitializeOnLoadMethodAttributes (3ms)
				AfterProcessingInitializeOnLoad (4ms)
				EditorAssembliesLoaded (0ms)
			ExecutionOrderSort2 (0ms)
			AwakeInstancesAfterBackupRestoration (4ms)
Platform modules already initialized, skipping
========================================================================
Worker process is ready to serve import requests
Launched and connected shader compiler UnityShaderCompiler.exe after 0.05 seconds
Refreshing native plugins compatible for Editor in 0.25 ms, found 2 plugins.
Preloading 0 native plugins for Editor in 0.00 ms.
Unloading 1396 Unused Serialized files (Serialized files now loaded: 0)
System memory in use before: 64.8 MB.
System memory in use after: 64.9 MB.

Unloading 16 unused Assets to reduce memory usage. Loaded Objects now: 1831.
Total: 1.971400 ms (FindLiveObjects: 0.098400 ms CreateObjectMapping: 0.028000 ms MarkObjects: 1.790700 ms  DeleteObjects: 0.053600 ms)

AssetImportParameters requested are different than current active one (requested -> active):
  custom:framework-win-MediaFoundation: 216162199b28c13a410421893ffa2e32 -> 
  custom:video-decoder-ogg-theora: a1e56fd34408186e4bbccfd4996cb3dc -> 
  custom:container-muxer-webm: aa71ff27fc2769a1b78a27578f13a17b -> 
  custom:container-demuxer-webm: 4f35f7cbe854078d1ac9338744f61a02 -> 
  custom:container-demuxer-ogg: 62fdf1f143b41e24485cea50d1cbac27 -> 
  custom:video-encoder-webm-vp8: eb34c28f22e8b96e1ab97ce403110664 -> 
  custom:video-decoder-webm-vp8: 9c59270c3fd7afecdb556c50c9e8de78 -> 
  custom:audio-decoder-ogg-vorbis: bf7c407c2cedff20999df2af8eb42d56 -> 
  custom:audio-encoder-webm-vorbis: bf7c407c2cedff20999df2af8eb42d56 -> 
========================================================================
Received Import Request.
  path: Assets/Canvas.prefab
  artifactKey: Guid(d3c6ea6a69f352b46984164c574f5d47) Importer(815301076,1909f56bfc062723c751e8b465ee728b)
Start importing Assets/Canvas.prefab using Guid(d3c6ea6a69f352b46984164c574f5d47) Importer(815301076,1909f56bfc062723c751e8b465ee728b)  -> (artifact id: '348d66896e51a904060b4c59c1a426e9') in 0.095826 seconds 
  Import took 0.100037 seconds .

========================================================================
Received Prepare
Registering precompiled user dll's ...
Registered in 0.001370 seconds.
Begin MonoManager ReloadAssembly
Native extension for WindowsStandalone target not found
Refreshing native plugins compatible for Editor in 0.26 ms, found 2 plugins.
Preloading 0 native plugins for Editor in 0.00 ms.
Mono: successfully reloaded assembly
- Completed reload, in  0.786 seconds
Domain Reload Profiling:
	ReloadAssembly (786ms)
		BeginReloadAssembly (104ms)
			ExecutionOrderSort (0ms)
			DisableScriptedObjects (5ms)
			BackupInstance (0ms)
			ReleaseScriptingObjects (0ms)
			CreateAndSetChildDomain (37ms)
		EndReloadAssembly (621ms)
			LoadAssemblies (70ms)
			RebuildTransferFunctionScriptingTraits (0ms)
			SetupTypeCache (211ms)
			ReleaseScriptCaches (1ms)
			RebuildScriptCaches (26ms)
			SetupLoadedEditorAssemblies (232ms)
				LogAssemblyErrors (0ms)
				InitializePlatformSupportModulesInManaged (7ms)
				SetLoadedEditorAssemblies (0ms)
				RefreshPlugins (0ms)
				BeforeProcessingInitializeOnLoad (56ms)
				ProcessInitializeOnLoadAttributes (162ms)
				ProcessInitializeOnLoadMethodAttributes (2ms)
				AfterProcessingInitializeOnLoad (4ms)
				EditorAssembliesLoaded (0ms)
			ExecutionOrderSort2 (0ms)
			AwakeInstancesAfterBackupRestoration (5ms)
Platform modules already initialized, skipping
Refreshing native plugins compatible for Editor in 0.26 ms, found 2 plugins.
Preloading 0 native plugins for Editor in 0.00 ms.
Unloading 1432 Unused Serialized files (Serialized files now loaded: 0)
System memory in use before: 67.9 MB.
System memory in use after: 67.3 MB.

Unloading 32 unused Assets to reduce memory usage. Loaded Objects now: 1862.
Total: 2.532900 ms (FindLiveObjects: 0.092900 ms CreateObjectMapping: 0.022600 ms MarkObjects: 2.140400 ms  DeleteObjects: 0.276100 ms)

AssetImportParameters requested are different than current active one (requested -> active):
  custom:framework-win-MediaFoundation: 216162199b28c13a410421893ffa2e32 -> 
  custom:video-decoder-ogg-theora: a1e56fd34408186e4bbccfd4996cb3dc -> 
  custom:container-muxer-webm: aa71ff27fc2769a1b78a27578f13a17b -> 
  custom:container-demuxer-webm: 4f35f7cbe854078d1ac9338744f61a02 -> 
  custom:container-demuxer-ogg: 62fdf1f143b41e24485cea50d1cbac27 -> 
  custom:video-encoder-webm-vp8: eb34c28f22e8b96e1ab97ce403110664 -> 
  custom:video-decoder-webm-vp8: 9c59270c3fd7afecdb556c50c9e8de78 -> 
  custom:audio-decoder-ogg-vorbis: bf7c407c2cedff20999df2af8eb42d56 -> 
  custom:audio-encoder-webm-vorbis: bf7c407c2cedff20999df2af8eb42d56 -> 
========================================================================
Received Import Request.
  Time since last request: 3065.543420 seconds.
  path: Assets/Graphy - Ultimate Stats Monitor
  artifactKey: Guid(cb529d5d28fe2eb4b9b3fd1e79802228) Importer(815301076,1909f56bfc062723c751e8b465ee728b)
Start importing Assets/Graphy - Ultimate Stats Monitor using Guid(cb529d5d28fe2eb4b9b3fd1e79802228) Importer(815301076,1909f56bfc062723c751e8b465ee728b)  -> (artifact id: '2d52970eb9ec2225e668472dedc108ea') in 0.014808 seconds 
  Import took 0.016818 seconds .

========================================================================
Received Import Request.
  Time since last request: 0.005960 seconds.
  path: Assets/Graphy - Ultimate Stats Monitor
  artifactKey: Guid(cb529d5d28fe2eb4b9b3fd1e79802228) Importer(815301076,1909f56bfc062723c751e8b465ee728b)
Start importing Assets/Graphy - Ultimate Stats Monitor using Guid(cb529d5d28fe2eb4b9b3fd1e79802228) Importer(815301076,1909f56bfc062723c751e8b465ee728b)  -> (artifact id: '2d52970eb9ec2225e668472dedc108ea') in 0.001819 seconds 
  Import took 0.004049 seconds .

========================================================================
Received Import Request.
  Time since last request: 6.407569 seconds.
  path: Assets/Graphy - Ultimate Stats Monitor/Prefab/[Graphy].prefab
  artifactKey: Guid(0abab5bb77339e4428787a870eb31bd3) Importer(815301076,1909f56bfc062723c751e8b465ee728b)
Start importing Assets/Graphy - Ultimate Stats Monitor/Prefab/[Graphy].prefab using Guid(0abab5bb77339e4428787a870eb31bd3) Importer(815301076,1909f56bfc062723c751e8b465ee728b)  -> (artifact id: 'c7b8b25769de6fff09e5a0d363151a39') in 0.046315 seconds 
  Import took 0.049744 seconds .

========================================================================
Received Import Request.
  Time since last request: 0.000303 seconds.
  path: Assets/Graphy - Ultimate Stats Monitor/Prefab
  artifactKey: Guid(3be1e89ca880cc644a2aa20d1854250c) Importer(815301076,1909f56bfc062723c751e8b465ee728b)
Start importing Assets/Graphy - Ultimate Stats Monitor/Prefab using Guid(3be1e89ca880cc644a2aa20d1854250c) Importer(815301076,1909f56bfc062723c751e8b465ee728b)  -> (artifact id: 'f72572119842a57452d0a26d526817be') in 0.006113 seconds 
  Import took 0.008515 seconds .

========================================================================
Received Prepare
Registering precompiled user dll's ...
Registered in 0.001854 seconds.
Begin MonoManager ReloadAssembly
Native extension for WindowsStandalone target not found
Refreshing native plugins compatible for Editor in 0.36 ms, found 2 plugins.
Preloading 0 native plugins for Editor in 0.00 ms.
Mono: successfully reloaded assembly
- Completed reload, in  0.772 seconds
Domain Reload Profiling:
	ReloadAssembly (772ms)
		BeginReloadAssembly (94ms)
			ExecutionOrderSort (0ms)
			DisableScriptedObjects (4ms)
			BackupInstance (0ms)
			ReleaseScriptingObjects (0ms)
			CreateAndSetChildDomain (27ms)
		EndReloadAssembly (625ms)
			LoadAssemblies (86ms)
			RebuildTransferFunctionScriptingTraits (0ms)
			SetupTypeCache (207ms)
			ReleaseScriptCaches (1ms)
			RebuildScriptCaches (36ms)
			SetupLoadedEditorAssemblies (210ms)
				LogAssemblyErrors (0ms)
				InitializePlatformSupportModulesInManaged (5ms)
				SetLoadedEditorAssemblies (0ms)
				RefreshPlugins (0ms)
				BeforeProcessingInitializeOnLoad (53ms)
				ProcessInitializeOnLoadAttributes (146ms)
				ProcessInitializeOnLoadMethodAttributes (3ms)
				AfterProcessingInitializeOnLoad (3ms)
				EditorAssembliesLoaded (0ms)
			ExecutionOrderSort2 (0ms)
			AwakeInstancesAfterBackupRestoration (5ms)
Platform modules already initialized, skipping
Refreshing native plugins compatible for Editor in 0.27 ms, found 2 plugins.
Preloading 0 native plugins for Editor in 0.00 ms.
Unloading 1432 Unused Serialized files (Serialized files now loaded: 0)
System memory in use before: 68.2 MB.
System memory in use after: 67.6 MB.

Unloading 26 unused Assets to reduce memory usage. Loaded Objects now: 1864.
Total: 2.700600 ms (FindLiveObjects: 0.092900 ms CreateObjectMapping: 0.022900 ms MarkObjects: 2.310500 ms  DeleteObjects: 0.273700 ms)

AssetImportParameters requested are different than current active one (requested -> active):
  custom:framework-win-MediaFoundation: 216162199b28c13a410421893ffa2e32 -> 
  custom:video-decoder-ogg-theora: a1e56fd34408186e4bbccfd4996cb3dc -> 
  custom:container-muxer-webm: aa71ff27fc2769a1b78a27578f13a17b -> 
  custom:container-demuxer-webm: 4f35f7cbe854078d1ac9338744f61a02 -> 
  custom:container-demuxer-ogg: 62fdf1f143b41e24485cea50d1cbac27 -> 
  custom:video-encoder-webm-vp8: eb34c28f22e8b96e1ab97ce403110664 -> 
  custom:video-decoder-webm-vp8: 9c59270c3fd7afecdb556c50c9e8de78 -> 
  custom:audio-decoder-ogg-vorbis: bf7c407c2cedff20999df2af8eb42d56 -> 
  custom:audio-encoder-webm-vorbis: bf7c407c2cedff20999df2af8eb42d56 -> 
========================================================================
Received Prepare
Registering precompiled user dll's ...
Registered in 0.042281 seconds.
Begin MonoManager ReloadAssembly
Native extension for WindowsStandalone target not found
Refreshing native plugins compatible for Editor in 0.25 ms, found 2 plugins.
Preloading 0 native plugins for Editor in 0.00 ms.
Mono: successfully reloaded assembly
- Completed reload, in  0.755 seconds
Domain Reload Profiling:
	ReloadAssembly (755ms)
		BeginReloadAssembly (106ms)
			ExecutionOrderSort (0ms)
			DisableScriptedObjects (5ms)
			BackupInstance (0ms)
			ReleaseScriptingObjects (0ms)
			CreateAndSetChildDomain (28ms)
		EndReloadAssembly (611ms)
			LoadAssemblies (62ms)
			RebuildTransferFunctionScriptingTraits (0ms)
			SetupTypeCache (182ms)
			ReleaseScriptCaches (1ms)
			RebuildScriptCaches (25ms)
			SetupLoadedEditorAssemblies (294ms)
				LogAssemblyErrors (0ms)
				InitializePlatformSupportModulesInManaged (3ms)
				SetLoadedEditorAssemblies (0ms)
				RefreshPlugins (0ms)
				BeforeProcessingInitializeOnLoad (45ms)
				ProcessInitializeOnLoadAttributes (240ms)
				ProcessInitializeOnLoadMethodAttributes (3ms)
				AfterProcessingInitializeOnLoad (3ms)
				EditorAssembliesLoaded (0ms)
			ExecutionOrderSort2 (0ms)
			AwakeInstancesAfterBackupRestoration (4ms)
Platform modules already initialized, skipping
Refreshing native plugins compatible for Editor in 0.26 ms, found 2 plugins.
Preloading 0 native plugins for Editor in 0.00 ms.
Unloading 1432 Unused Serialized files (Serialized files now loaded: 0)
System memory in use before: 68.2 MB.
System memory in use after: 67.6 MB.

Unloading 26 unused Assets to reduce memory usage. Loaded Objects now: 1866.
Total: 2.148100 ms (FindLiveObjects: 0.097400 ms CreateObjectMapping: 0.025600 ms MarkObjects: 1.757300 ms  DeleteObjects: 0.266900 ms)

AssetImportParameters requested are different than current active one (requested -> active):
  custom:framework-win-MediaFoundation: 216162199b28c13a410421893ffa2e32 -> 
  custom:video-decoder-ogg-theora: a1e56fd34408186e4bbccfd4996cb3dc -> 
  custom:container-muxer-webm: aa71ff27fc2769a1b78a27578f13a17b -> 
  custom:container-demuxer-webm: 4f35f7cbe854078d1ac9338744f61a02 -> 
  custom:container-demuxer-ogg: 62fdf1f143b41e24485cea50d1cbac27 -> 
  custom:video-encoder-webm-vp8: eb34c28f22e8b96e1ab97ce403110664 -> 
  custom:video-decoder-webm-vp8: 9c59270c3fd7afecdb556c50c9e8de78 -> 
  custom:audio-decoder-ogg-vorbis: bf7c407c2cedff20999df2af8eb42d56 -> 
  custom:audio-encoder-webm-vorbis: bf7c407c2cedff20999df2af8eb42d56 -> 
========================================================================
Received Import Request.
  Time since last request: 71397.070343 seconds.
  path: Assets/New Folder
  artifactKey: Guid(33f0a6d9cfccc6c4dbd4869ccfd7711d) Importer(815301076,1909f56bfc062723c751e8b465ee728b)
Start importing Assets/New Folder using Guid(33f0a6d9cfccc6c4dbd4869ccfd7711d) Importer(815301076,1909f56bfc062723c751e8b465ee728b)  -> (artifact id: '7ec36337ec68703dc9bed63b442219dc') in 0.009681 seconds 
  Import took 0.011974 seconds .

========================================================================
Received Import Request.
  Time since last request: 397.930477 seconds.
  path: Assets/Videos
  artifactKey: Guid(33f0a6d9cfccc6c4dbd4869ccfd7711d) Importer(815301076,1909f56bfc062723c751e8b465ee728b)
Start importing Assets/Videos using Guid(33f0a6d9cfccc6c4dbd4869ccfd7711d) Importer(815301076,1909f56bfc062723c751e8b465ee728b)  -> (artifact id: 'b61bcb3ddcd4c426d7860d85b039ad05') in 0.006864 seconds 
  Import took 0.009977 seconds .

========================================================================
Received Import Request.
  Time since last request: 293.356887 seconds.
  path: Assets/Videos/airplane.mp4
  artifactKey: Guid(64b6b0adc8e0dc4438de6f13a3ff2680) Importer(815301076,1909f56bfc062723c751e8b465ee728b)
Start importing Assets/Videos/airplane.mp4 using Guid(64b6b0adc8e0dc4438de6f13a3ff2680) Importer(815301076,1909f56bfc062723c751e8b465ee728b)  -> (artifact id: '42e1e1f13652c1e157cf53f6b314f319') in 0.017166 seconds 
  Import took 0.019936 seconds .

========================================================================
Received Import Request.
  Time since last request: 0.000171 seconds.
  path: Assets/Videos/bus.mp4
  artifactKey: Guid(0730ea2ca6fe4df48b3d8c6b54bd1ec7) Importer(815301076,1909f56bfc062723c751e8b465ee728b)
Start importing Assets/Videos/bus.mp4 using Guid(0730ea2ca6fe4df48b3d8c6b54bd1ec7) Importer(815301076,1909f56bfc062723c751e8b465ee728b)  -> (artifact id: '85180b8fa620b45e972cbcf6f690d61c') in 0.006561 seconds 
  Import took 0.009359 seconds .

========================================================================
Received Import Request.
  Time since last request: 0.000232 seconds.
  path: Assets/Videos/bird.mp4
  artifactKey: Guid(73c28e376dd0a5c47b621486555db2a7) Importer(815301076,1909f56bfc062723c751e8b465ee728b)
Start importing Assets/Videos/bird.mp4 using Guid(73c28e376dd0a5c47b621486555db2a7) Importer(815301076,1909f56bfc062723c751e8b465ee728b)  -> (artifact id: 'f744e889f1b01beccefc5cd593a2b672') in 0.006381 seconds 
  Import took 0.008684 seconds .

========================================================================
Received Import Request.
  Time since last request: 0.000175 seconds.
  path: Assets/Videos/boat.mp4
  artifactKey: Guid(d2cf31e893dcebe41b1342304aec3d01) Importer(815301076,1909f56bfc062723c751e8b465ee728b)
Start importing Assets/Videos/boat.mp4 using Guid(d2cf31e893dcebe41b1342304aec3d01) Importer(815301076,1909f56bfc062723c751e8b465ee728b)  -> (artifact id: '9ca93d78365005001b2667a255df48e7') in 0.007055 seconds 
  Import took 0.009828 seconds .

========================================================================
Received Import Request.
  Time since last request: 0.000160 seconds.
  path: Assets/Videos/cat.mp4
  artifactKey: Guid(c34e78584c088234fa4627b605a6cd3a) Importer(815301076,1909f56bfc062723c751e8b465ee728b)
Start importing Assets/Videos/cat.mp4 using Guid(c34e78584c088234fa4627b605a6cd3a) Importer(815301076,1909f56bfc062723c751e8b465ee728b)  -> (artifact id: 'e335b91932687e33ea37a1fcc836197c') in 0.007650 seconds 
  Import took 0.010179 seconds .

========================================================================
Received Import Request.
  Time since last request: 0.000143 seconds.
  path: Assets/Videos/skateboard.mp4
  artifactKey: Guid(c7f1745e77fec8840a00db46d12f8292) Importer(815301076,1909f56bfc062723c751e8b465ee728b)
Start importing Assets/Videos/skateboard.mp4 using Guid(c7f1745e77fec8840a00db46d12f8292) Importer(815301076,1909f56bfc062723c751e8b465ee728b)  -> (artifact id: 'e5904c6f421edbc200c4ebfb8cd3159f') in 0.006378 seconds 
  Import took 0.008906 seconds .

========================================================================
Received Import Request.
  Time since last request: 0.000145 seconds.
  path: Assets/Videos/person.mp4
  artifactKey: Guid(9fb68ca5f718bcd49a761f2467d1167e) Importer(815301076,1909f56bfc062723c751e8b465ee728b)
Start importing Assets/Videos/person.mp4 using Guid(9fb68ca5f718bcd49a761f2467d1167e) Importer(815301076,1909f56bfc062723c751e8b465ee728b)  -> (artifact id: 'd04cb1419592c43cf6d8d35fd5a6b886') in 0.007168 seconds 
  Import took 0.009567 seconds .

========================================================================
Received Import Request.
  Time since last request: 0.000127 seconds.
  path: Assets/Videos/zebra.mp4
  artifactKey: Guid(8095fabfa49ea4a4cac43ec5d24c9235) Importer(815301076,1909f56bfc062723c751e8b465ee728b)
Start importing Assets/Videos/zebra.mp4 using Guid(8095fabfa49ea4a4cac43ec5d24c9235) Importer(815301076,1909f56bfc062723c751e8b465ee728b)  -> (artifact id: 'd93aa399a4858cf7f3a211f03ae2f6ae') in 0.006631 seconds 
  Import took 0.008757 seconds .

========================================================================
Received Import Request.
  Time since last request: 0.000206 seconds.
  path: Assets/Videos/bicycle.mp4
  artifactKey: Guid(0e7a88de3e8775b4d865f546c0caeca6) Importer(815301076,1909f56bfc062723c751e8b465ee728b)
Start importing Assets/Videos/bicycle.mp4 using Guid(0e7a88de3e8775b4d865f546c0caeca6) Importer(815301076,1909f56bfc062723c751e8b465ee728b)  -> (artifact id: '5dc230426e5071cbb30589ede995ae50') in 0.007019 seconds 
  Import took 0.009267 seconds .

========================================================================
Received Import Request.
  Time since last request: 0.000161 seconds.
  path: Assets/Videos/train.mp4
  artifactKey: Guid(a11530cac256d6e41902e2e323741d7d) Importer(815301076,1909f56bfc062723c751e8b465ee728b)
Start importing Assets/Videos/train.mp4 using Guid(a11530cac256d6e41902e2e323741d7d) Importer(815301076,1909f56bfc062723c751e8b465ee728b)  -> (artifact id: '8a115b7996d21dea41f5a15bfa7d90fa') in 0.007901 seconds 
  Import took 0.010606 seconds .

========================================================================
Received Import Request.
  Time since last request: 70662.978542 seconds.
  path: Assets/Shaders
  artifactKey: Guid(8ae92868a7b420745b9afd6b159ad05f) Importer(815301076,1909f56bfc062723c751e8b465ee728b)
Start importing Assets/Shaders using Guid(8ae92868a7b420745b9afd6b159ad05f) Importer(815301076,1909f56bfc062723c751e8b465ee728b)  -> (artifact id: '59a0e8cc4123672262fd8378e2c908bf') in 0.006730 seconds 
  Import took 0.010235 seconds .

========================================================================
Received Import Request.
  Time since last request: 0.000377 seconds.
  path: Assets/Shaders
  artifactKey: Guid(8ae92868a7b420745b9afd6b159ad05f) Importer(815301076,1909f56bfc062723c751e8b465ee728b)
Start importing Assets/Shaders using Guid(8ae92868a7b420745b9afd6b159ad05f) Importer(815301076,1909f56bfc062723c751e8b465ee728b)  -> (artifact id: '59a0e8cc4123672262fd8378e2c908bf') in 0.002163 seconds 
  Import took 0.004283 seconds .

========================================================================
Received Import Request.
  Time since last request: 0.047626 seconds.
  path: Assets/Shaders/ImageProcessing.compute
  artifactKey: Guid(3a534990e7346f147a9cca3aef65d000) Importer(815301076,1909f56bfc062723c751e8b465ee728b)
Start importing Assets/Shaders/ImageProcessing.compute using Guid(3a534990e7346f147a9cca3aef65d000) Importer(815301076,1909f56bfc062723c751e8b465ee728b)  -> (artifact id: '041dae489549188e2a188211ea0e9c62') in 0.008499 seconds 
  Import took 0.010560 seconds .

========================================================================
Received Import Request.
  Time since last request: 490.557829 seconds.
  path: Assets/Scripts
  artifactKey: Guid(f9d116abb93153444bd90e0009ac16a1) Importer(815301076,1909f56bfc062723c751e8b465ee728b)
Start importing Assets/Scripts using Guid(f9d116abb93153444bd90e0009ac16a1) Importer(815301076,1909f56bfc062723c751e8b465ee728b)  -> (artifact id: 'b811605dea75e772d6cfe22f76497aef') in 0.007752 seconds 
  Import took 0.010396 seconds .

========================================================================
Received Prepare
Registering precompiled user dll's ...
Registered in 0.029270 seconds.
Begin MonoManager ReloadAssembly
Native extension for WindowsStandalone target not found
Refreshing native plugins compatible for Editor in 0.26 ms, found 2 plugins.
Preloading 0 native plugins for Editor in 0.00 ms.
Mono: successfully reloaded assembly
- Completed reload, in  0.852 seconds
Domain Reload Profiling:
	ReloadAssembly (853ms)
		BeginReloadAssembly (105ms)
			ExecutionOrderSort (0ms)
			DisableScriptedObjects (3ms)
			BackupInstance (0ms)
			ReleaseScriptingObjects (0ms)
			CreateAndSetChildDomain (36ms)
		EndReloadAssembly (693ms)
			LoadAssemblies (57ms)
			RebuildTransferFunctionScriptingTraits (0ms)
			SetupTypeCache (217ms)
			ReleaseScriptCaches (1ms)
			RebuildScriptCaches (34ms)
			SetupLoadedEditorAssemblies (297ms)
				LogAssemblyErrors (0ms)
				InitializePlatformSupportModulesInManaged (5ms)
				SetLoadedEditorAssemblies (0ms)
				RefreshPlugins (0ms)
				BeforeProcessingInitializeOnLoad (50ms)
				ProcessInitializeOnLoadAttributes (235ms)
				ProcessInitializeOnLoadMethodAttributes (3ms)
				AfterProcessingInitializeOnLoad (3ms)
				EditorAssembliesLoaded (0ms)
			ExecutionOrderSort2 (0ms)
			AwakeInstancesAfterBackupRestoration (5ms)
Platform modules already initialized, skipping
Refreshing native plugins compatible for Editor in 0.40 ms, found 2 plugins.
Preloading 0 native plugins for Editor in 0.00 ms.
Unloading 1435 Unused Serialized files (Serialized files now loaded: 0)
System memory in use before: 68.4 MB.
System memory in use after: 67.8 MB.

Unloading 26 unused Assets to reduce memory usage. Loaded Objects now: 1871.
Total: 2.455000 ms (FindLiveObjects: 0.103300 ms CreateObjectMapping: 0.025200 ms MarkObjects: 1.950200 ms  DeleteObjects: 0.375100 ms)

AssetImportParameters requested are different than current active one (requested -> active):
  custom:framework-win-MediaFoundation: 216162199b28c13a410421893ffa2e32 -> 
  custom:video-decoder-ogg-theora: a1e56fd34408186e4bbccfd4996cb3dc -> 
  custom:container-muxer-webm: aa71ff27fc2769a1b78a27578f13a17b -> 
  custom:container-demuxer-webm: 4f35f7cbe854078d1ac9338744f61a02 -> 
  custom:container-demuxer-ogg: 62fdf1f143b41e24485cea50d1cbac27 -> 
  custom:video-encoder-webm-vp8: eb34c28f22e8b96e1ab97ce403110664 -> 
  custom:video-decoder-webm-vp8: 9c59270c3fd7afecdb556c50c9e8de78 -> 
  custom:audio-decoder-ogg-vorbis: bf7c407c2cedff20999df2af8eb42d56 -> 
  custom:audio-encoder-webm-vorbis: bf7c407c2cedff20999df2af8eb42d56 -> 
========================================================================
Received Prepare
Refreshing native plugins compatible for Editor in 71.58 ms, found 2 plugins.
Preloading 0 native plugins for Editor in 0.00 ms.
Unloading 24 Unused Serialized files (Serialized files now loaded: 0)
System memory in use before: 40.4 MB.
System memory in use after: 39.8 MB.

Unloading 24 unused Assets to reduce memory usage. Loaded Objects now: 1871.
Total: 3.264800 ms (FindLiveObjects: 0.119600 ms CreateObjectMapping: 0.024300 ms MarkObjects: 2.815900 ms  DeleteObjects: 0.303600 ms)

AssetImportParameters requested are different than current active one (requested -> active):
  custom:framework-win-MediaFoundation: 216162199b28c13a410421893ffa2e32 -> 
  custom:video-decoder-ogg-theora: a1e56fd34408186e4bbccfd4996cb3dc -> 
  custom:container-muxer-webm: aa71ff27fc2769a1b78a27578f13a17b -> 
  custom:container-demuxer-webm: 4f35f7cbe854078d1ac9338744f61a02 -> 
  custom:container-demuxer-ogg: 62fdf1f143b41e24485cea50d1cbac27 -> 
  custom:video-encoder-webm-vp8: eb34c28f22e8b96e1ab97ce403110664 -> 
  custom:video-decoder-webm-vp8: 9c59270c3fd7afecdb556c50c9e8de78 -> 
  custom:audio-decoder-ogg-vorbis: bf7c407c2cedff20999df2af8eb42d56 -> 
  custom:audio-encoder-webm-vorbis: bf7c407c2cedff20999df2af8eb42d56 -> 
