  pch.cpp
C:\Program Files (x86)\Intel\openvino_2021.4.689\deployment_tools\inference_engine\include\ie_common.h(296,82): warning C4275: non dll-interface class 'std::runtime_error' used as base for dll-interface struct 'InferenceEngine::details::InferenceEngineException'
C:\Program Files (x86)\Microsoft Visual Studio\2019\Community\VC\Tools\MSVC\14.29.30133\include\stdexcept(107): message : see declaration of 'std::runtime_error'
C:\Program Files (x86)\Intel\openvino_2021.4.689\deployment_tools\inference_engine\include\ie_common.h(296): message : see declaration of 'InferenceEngine::details::InferenceEngineException'
C:\Program Files (x86)\Intel\openvino_2021.4.689\deployment_tools\inference_engine\include\ie_layouts.h(142,16): warning C4251: 'InferenceEngine::BlockingDesc::blockedDims': class 'std::vector<size_t,std::allocator<size_t>>' needs to have dll-interface to be used by clients of class 'InferenceEngine::BlockingDesc'
C:\Program Files (x86)\Intel\openvino_2021.4.689\deployment_tools\inference_engine\include\ie_common.h(34): message : see declaration of 'std::vector<size_t,std::allocator<size_t>>'
C:\Program Files (x86)\Intel\openvino_2021.4.689\deployment_tools\inference_engine\include\ie_layouts.h(144,16): warning C4251: 'InferenceEngine::BlockingDesc::strides': class 'std::vector<size_t,std::allocator<size_t>>' needs to have dll-interface to be used by clients of class 'InferenceEngine::BlockingDesc'
C:\Program Files (x86)\Intel\openvino_2021.4.689\deployment_tools\inference_engine\include\ie_common.h(34): message : see declaration of 'std::vector<size_t,std::allocator<size_t>>'
C:\Program Files (x86)\Intel\openvino_2021.4.689\deployment_tools\inference_engine\include\ie_layouts.h(146,16): warning C4251: 'InferenceEngine::BlockingDesc::order': class 'std::vector<size_t,std::allocator<size_t>>' needs to have dll-interface to be used by clients of class 'InferenceEngine::BlockingDesc'
C:\Program Files (x86)\Intel\openvino_2021.4.689\deployment_tools\inference_engine\include\ie_common.h(34): message : see declaration of 'std::vector<size_t,std::allocator<size_t>>'
C:\Program Files (x86)\Intel\openvino_2021.4.689\deployment_tools\inference_engine\include\ie_layouts.h(149,16): warning C4251: 'InferenceEngine::BlockingDesc::offsetPaddingToData': class 'std::vector<size_t,std::allocator<size_t>>' needs to have dll-interface to be used by clients of class 'InferenceEngine::BlockingDesc'
C:\Program Files (x86)\Intel\openvino_2021.4.689\deployment_tools\inference_engine\include\ie_common.h(34): message : see declaration of 'std::vector<size_t,std::allocator<size_t>>'
C:\Program Files (x86)\Intel\openvino_2021.4.689\deployment_tools\inference_engine\include\ie_layouts.h(315,16): warning C4251: 'InferenceEngine::TensorDesc::dims': class 'std::vector<size_t,std::allocator<size_t>>' needs to have dll-interface to be used by clients of class 'InferenceEngine::TensorDesc'
C:\Program Files (x86)\Intel\openvino_2021.4.689\deployment_tools\inference_engine\include\ie_common.h(34): message : see declaration of 'std::vector<size_t,std::allocator<size_t>>'
C:\Program Files (x86)\Intel\openvino_2021.4.689\deployment_tools\inference_engine\include\ie_layouts.h(319,15): warning C4251: 'InferenceEngine::TensorDesc::precision': class 'InferenceEngine::Precision' needs to have dll-interface to be used by clients of class 'InferenceEngine::TensorDesc'
C:\Program Files (x86)\Intel\openvino_2021.4.689\deployment_tools\inference_engine\include\ie_precision.hpp(24): message : see declaration of 'InferenceEngine::Precision'
C:\Program Files (x86)\Intel\openvino_2021.4.689\deployment_tools\inference_engine\include\ie_data.h(147,27): warning C4251: 'InferenceEngine::Data::_impl': class 'std::shared_ptr<InferenceEngine::Data::Impl>' needs to have dll-interface to be used by clients of class 'InferenceEngine::Data'
C:\Program Files (x86)\Intel\openvino_2021.4.689\deployment_tools\inference_engine\include\ie_data.h(147): message : see declaration of 'std::shared_ptr<InferenceEngine::Data::Impl>'
C:\Program Files (x86)\Intel\openvino_2021.4.689\deployment_tools\inference_engine\include\ie_data.h(153,17): warning C4251: 'InferenceEngine::Data::name': class 'std::basic_string<char,std::char_traits<char>,std::allocator<char>>' needs to have dll-interface to be used by clients of class 'InferenceEngine::Data'
C:\Program Files (x86)\Microsoft Visual Studio\2019\Community\VC\Tools\MSVC\14.29.30133\include\xstring(4905): message : see declaration of 'std::basic_string<char,std::char_traits<char>,std::allocator<char>>'
C:\Program Files (x86)\Intel\openvino_2021.4.689\deployment_tools\inference_engine\include\ie_icnn_network.hpp(36,97): warning C4251: 'std::enable_shared_from_this<InferenceEngine::ICNNNetwork>::_Wptr': class 'std::weak_ptr<_Ty>' needs to have dll-interface to be used by clients of class 'std::enable_shared_from_this<InferenceEngine::ICNNNetwork>'
          with
          [
              _Ty=InferenceEngine::ICNNNetwork
          ]
C:\Program Files (x86)\Microsoft Visual Studio\2019\Community\VC\Tools\MSVC\14.29.30133\include\memory(3079): message : see declaration of 'std::weak_ptr<_Ty>'
          with
          [
              _Ty=InferenceEngine::ICNNNetwork
          ]
C:\Program Files (x86)\Intel\openvino_2021.4.689\deployment_tools\inference_engine\include\ie_iextension.h(147,96): warning C4251: 'std::enable_shared_from_this<InferenceEngine::IExtension>::_Wptr': class 'std::weak_ptr<_Ty>' needs to have dll-interface to be used by clients of class 'std::enable_shared_from_this<InferenceEngine::IExtension>'
          with
          [
              _Ty=InferenceEngine::IExtension
          ]
C:\Program Files (x86)\Microsoft Visual Studio\2019\Community\VC\Tools\MSVC\14.29.30133\include\memory(3079): message : see declaration of 'std::weak_ptr<_Ty>'
          with
          [
              _Ty=InferenceEngine::IExtension
          ]
C:\Program Files (x86)\Intel\openvino_2021.4.689\deployment_tools\inference_engine\include\details\ie_so_loader.h(24,27): warning C4251: 'InferenceEngine::details::SharedObjectLoader::_impl': class 'std::shared_ptr<InferenceEngine::details::SharedObjectLoader::Impl>' needs to have dll-interface to be used by clients of class 'InferenceEngine::details::SharedObjectLoader'
C:\Program Files (x86)\Intel\openvino_2021.4.689\deployment_tools\inference_engine\include\details\ie_so_loader.h(24): message : see declaration of 'std::shared_ptr<InferenceEngine::details::SharedObjectLoader::Impl>'
C:\Program Files (x86)\Intel\openvino_2021.4.689\deployment_tools\inference_engine\include\ie_extension.h(100,36): warning C4251: 'InferenceEngine::Extension::actual': class 'InferenceEngine::details::SOPointer<InferenceEngine::IExtension>' needs to have dll-interface to be used by clients of class 'InferenceEngine::Extension'
C:\Program Files (x86)\Intel\openvino_2021.4.689\deployment_tools\inference_engine\include\ie_extension.h(100): message : see declaration of 'InferenceEngine::details::SOPointer<InferenceEngine::IExtension>'
C:\Program Files (x86)\Intel\openvino_2021.4.689\deployment_tools\inference_engine\include\cpp\ie_cnn_network.h(214,34): warning C4251: 'InferenceEngine::CNNNetwork::network': class 'std::shared_ptr<_Ty>' needs to have dll-interface to be used by clients of class 'InferenceEngine::CNNNetwork'
          with
          [
              _Ty=InferenceEngine::ICNNNetwork
          ]
C:\Program Files (x86)\Microsoft Visual Studio\2019\Community\VC\Tools\MSVC\14.29.30133\include\memory(3071): message : see declaration of 'std::shared_ptr<_Ty>'
          with
          [
              _Ty=InferenceEngine::ICNNNetwork
          ]
C:\Program Files (x86)\Intel\openvino_2021.4.689\deployment_tools\inference_engine\include\ie_compound_blob.h(110,28): warning C4251: 'InferenceEngine::CompoundBlob::_blobs': class 'std::vector<InferenceEngine::Blob::Ptr,std::allocator<InferenceEngine::Blob::Ptr>>' needs to have dll-interface to be used by clients of class 'InferenceEngine::CompoundBlob'
C:\Program Files (x86)\Intel\openvino_2021.4.689\deployment_tools\inference_engine\include\ie_iextension.h(140): message : see declaration of 'std::vector<InferenceEngine::Blob::Ptr,std::allocator<InferenceEngine::Blob::Ptr>>'
C:\Program Files (x86)\Intel\openvino_2021.4.689\deployment_tools\inference_engine\include\cpp\ie_memory_state.hpp(30,46): warning C4251: 'InferenceEngine::VariableState::_impl': class 'std::shared_ptr<InferenceEngine::IVariableStateInternal>' needs to have dll-interface to be used by clients of class 'InferenceEngine::VariableState'
C:\Program Files (x86)\Intel\openvino_2021.4.689\deployment_tools\inference_engine\include\cpp\ie_memory_state.hpp(30): message : see declaration of 'std::shared_ptr<InferenceEngine::IVariableStateInternal>'
C:\Program Files (x86)\Intel\openvino_2021.4.689\deployment_tools\inference_engine\include\cpp\ie_memory_state.hpp(32,46): warning C4251: 'InferenceEngine::VariableState::actual': class 'std::shared_ptr<InferenceEngine::IVariableState>' needs to have dll-interface to be used by clients of class 'InferenceEngine::VariableState'
C:\Program Files (x86)\Intel\openvino_2021.4.689\deployment_tools\inference_engine\include\ie_imemory_state.hpp(31): message : see declaration of 'std::shared_ptr<InferenceEngine::IVariableState>'
C:\Program Files (x86)\Intel\openvino_2021.4.689\deployment_tools\inference_engine\include\cpp\ie_infer_request.hpp(37,58): warning C4251: 'InferenceEngine::InferRequest::_impl': class 'std::shared_ptr<InferenceEngine::IInferRequestInternal>' needs to have dll-interface to be used by clients of class 'InferenceEngine::InferRequest'
C:\Program Files (x86)\Intel\openvino_2021.4.689\deployment_tools\inference_engine\include\cpp\ie_infer_request.hpp(37): message : see declaration of 'std::shared_ptr<InferenceEngine::IInferRequestInternal>'
C:\Program Files (x86)\Intel\openvino_2021.4.689\deployment_tools\inference_engine\include\cpp\ie_infer_request.hpp(39,58): warning C4251: 'InferenceEngine::InferRequest::actual': class 'std::shared_ptr<_Ty>' needs to have dll-interface to be used by clients of class 'InferenceEngine::InferRequest'
          with
          [
              _Ty=InferenceEngine::IInferRequest
          ]
C:\Program Files (x86)\Microsoft Visual Studio\2019\Community\VC\Tools\MSVC\14.29.30133\include\memory(3071): message : see declaration of 'std::shared_ptr<_Ty>'
          with
          [
              _Ty=InferenceEngine::IInferRequest
          ]
C:\Program Files (x86)\Intel\openvino_2021.4.689\deployment_tools\inference_engine\include\cpp\ie_infer_request.hpp(40,58): warning C4251: 'InferenceEngine::InferRequest::callback': class 'std::shared_ptr<InferenceEngine::details::ICompletionCallbackWrapper>' needs to have dll-interface to be used by clients of class 'InferenceEngine::InferRequest'
C:\Program Files (x86)\Intel\openvino_2021.4.689\deployment_tools\inference_engine\include\cpp\ie_infer_request.hpp(40): message : see declaration of 'std::shared_ptr<InferenceEngine::details::ICompletionCallbackWrapper>'
C:\Program Files (x86)\Intel\openvino_2021.4.689\deployment_tools\inference_engine\include\cpp\ie_executable_network.hpp(34,50): warning C4251: 'InferenceEngine::ExecutableNetwork::_impl': class 'std::shared_ptr<InferenceEngine::IExecutableNetworkInternal>' needs to have dll-interface to be used by clients of class 'InferenceEngine::ExecutableNetwork'
C:\Program Files (x86)\Intel\openvino_2021.4.689\deployment_tools\inference_engine\include\cpp\ie_executable_network.hpp(34): message : see declaration of 'std::shared_ptr<InferenceEngine::IExecutableNetworkInternal>'
C:\Program Files (x86)\Intel\openvino_2021.4.689\deployment_tools\inference_engine\include\cpp\ie_executable_network.hpp(36,50): warning C4251: 'InferenceEngine::ExecutableNetwork::actual': class 'std::shared_ptr<_Ty>' needs to have dll-interface to be used by clients of class 'InferenceEngine::ExecutableNetwork'
          with
          [
              _Ty=InferenceEngine::IExecutableNetwork
          ]
C:\Program Files (x86)\Microsoft Visual Studio\2019\Community\VC\Tools\MSVC\14.29.30133\include\memory(3071): message : see declaration of 'std::shared_ptr<_Ty>'
          with
          [
              _Ty=InferenceEngine::IExecutableNetwork
          ]
C:\Program Files (x86)\Intel\openvino_2021.4.689\deployment_tools\inference_engine\include\ie_core.hpp(33,27): warning C4251: 'InferenceEngine::Core::_impl': class 'std::shared_ptr<InferenceEngine::Core::Impl>' needs to have dll-interface to be used by clients of class 'InferenceEngine::Core'
C:\Program Files (x86)\Intel\openvino_2021.4.689\deployment_tools\inference_engine\include\ie_core.hpp(33): message : see declaration of 'std::shared_ptr<InferenceEngine::Core::Impl>'
  dllmain.cpp
F:\Projects\GitHub\Unity-OpenVINO-YOLOX\OpenVINO_YOLOX_DLL\OpenVINO_YOLOX_DLL\dllmain.cpp(45,33): warning C4305: 'initializing': truncation from 'double' to 'float'
F:\Projects\GitHub\Unity-OpenVINO-YOLOX\OpenVINO_YOLOX_DLL\OpenVINO_YOLOX_DLL\dllmain.cpp(47,28): warning C4305: 'initializing': truncation from 'double' to 'float'
F:\Projects\GitHub\Unity-OpenVINO-YOLOX\OpenVINO_YOLOX_DLL\OpenVINO_YOLOX_DLL\dllmain.cpp(91,40): warning C4267: 'return': conversion from 'size_t' to 'int', possible loss of data
F:\Projects\GitHub\Unity-OpenVINO-YOLOX\OpenVINO_YOLOX_DLL\OpenVINO_YOLOX_DLL\dllmain.cpp(144,48): warning C4244: 'argument': conversion from 'int' to 'float', possible loss of data
F:\Projects\GitHub\Unity-OpenVINO-YOLOX\OpenVINO_YOLOX_DLL\OpenVINO_YOLOX_DLL\dllmain.cpp(145,48): warning C4244: 'argument': conversion from 'int' to 'float', possible loss of data
F:\Projects\GitHub\Unity-OpenVINO-YOLOX\OpenVINO_YOLOX_DLL\OpenVINO_YOLOX_DLL\dllmain.cpp(148,25): warning C4244: '=': conversion from 'const _Ty' to 'float', possible loss of data
          with
          [
              _Ty=double
          ]
F:\Projects\GitHub\Unity-OpenVINO-YOLOX\OpenVINO_YOLOX_DLL\OpenVINO_YOLOX_DLL\dllmain.cpp(209,40): warning C4190: 'StaticResize' has C-linkage specified, but returns UDT 'cv::Mat' which is incompatible with C
C:\Program Files (x86)\Intel\openvino_2021.4.689\opencv\include\opencv2\core\mat.hpp(801): message : see declaration of 'cv::Mat'
F:\Projects\GitHub\Unity-OpenVINO-YOLOX\OpenVINO_YOLOX_DLL\OpenVINO_YOLOX_DLL\dllmain.cpp(211,17): warning C4244: 'initializing': conversion from 'const _Ty' to 'float', possible loss of data
          with
          [
              _Ty=double
          ]
F:\Projects\GitHub\Unity-OpenVINO-YOLOX\OpenVINO_YOLOX_DLL\OpenVINO_YOLOX_DLL\dllmain.cpp(212,21): warning C4244: 'initializing': conversion from 'float' to 'int', possible loss of data
F:\Projects\GitHub\Unity-OpenVINO-YOLOX\OpenVINO_YOLOX_DLL\OpenVINO_YOLOX_DLL\dllmain.cpp(213,21): warning C4244: 'initializing': conversion from 'float' to 'int', possible loss of data
F:\Projects\GitHub\Unity-OpenVINO-YOLOX\OpenVINO_YOLOX_DLL\OpenVINO_YOLOX_DLL\dllmain.cpp(229,52): warning C4267: 'initializing': conversion from 'size_t' to 'int', possible loss of data
F:\Projects\GitHub\Unity-OpenVINO-YOLOX\OpenVINO_YOLOX_DLL\OpenVINO_YOLOX_DLL\dllmain.cpp(229,52): warning C4267: 'initializing': conversion from 'size_t' to 'const int', possible loss of data
F:\Projects\GitHub\Unity-OpenVINO-YOLOX\OpenVINO_YOLOX_DLL\OpenVINO_YOLOX_DLL\dllmain.cpp(232,74): warning C4267: 'initializing': conversion from 'size_t' to 'int', possible loss of data
F:\Projects\GitHub\Unity-OpenVINO-YOLOX\OpenVINO_YOLOX_DLL\OpenVINO_YOLOX_DLL\dllmain.cpp(232,74): warning C4267: 'initializing': conversion from 'size_t' to 'const int', possible loss of data
F:\Projects\GitHub\Unity-OpenVINO-YOLOX\OpenVINO_YOLOX_DLL\OpenVINO_YOLOX_DLL\dllmain.cpp(288,39): warning C4267: 'initializing': conversion from 'size_t' to 'int', possible loss of data
F:\Projects\GitHub\Unity-OpenVINO-YOLOX\OpenVINO_YOLOX_DLL\OpenVINO_YOLOX_DLL\dllmain.cpp(288,39): warning C4267: 'initializing': conversion from 'size_t' to 'const int', possible loss of data
F:\Projects\GitHub\Unity-OpenVINO-YOLOX\OpenVINO_YOLOX_DLL\OpenVINO_YOLOX_DLL\dllmain.cpp(345,30): warning C4267: '=': conversion from 'size_t' to 'int', possible loss of data
F:\Projects\GitHub\Unity-OpenVINO-YOLOX\OpenVINO_YOLOX_DLL\OpenVINO_YOLOX_DLL\dllmain.cpp(364,53): warning C4267: 'initializing': conversion from 'size_t' to 'int', possible loss of data
F:\Projects\GitHub\Unity-OpenVINO-YOLOX\OpenVINO_YOLOX_DLL\OpenVINO_YOLOX_DLL\dllmain.cpp(365,53): warning C4267: 'initializing': conversion from 'size_t' to 'int', possible loss of data
F:\Projects\GitHub\Unity-OpenVINO-YOLOX\OpenVINO_YOLOX_DLL\OpenVINO_YOLOX_DLL\dllmain.cpp(375,52): warning C4305: 'initializing': truncation from 'double' to 'const float'
F:\Projects\GitHub\Unity-OpenVINO-YOLOX\OpenVINO_YOLOX_DLL\OpenVINO_YOLOX_DLL\dllmain.cpp(377,60): warning C4305: 'initializing': truncation from 'double' to 'const float'
     Creating library F:\Projects\GitHub\Unity-OpenVINO-YOLOX\OpenVINO_YOLOX_DLL\x64\Release\OpenVINO_YOLOX_DLL.lib and object F:\Projects\GitHub\Unity-OpenVINO-YOLOX\OpenVINO_YOLOX_DLL\x64\Release\OpenVINO_YOLOX_DLL.exp
  Generating code
  Previous IPDB not found, fall back to full compilation.
  All 735 functions were compiled because no usable IPDB/IOBJ from previous compilation was found.
  Finished generating code
  OpenVINO_YOLOX_DLL.vcxproj -> F:\Projects\GitHub\Unity-OpenVINO-YOLOX\OpenVINO_YOLOX_DLL\x64\Release\OpenVINO_YOLOX_DLL.dll
